Flow report for lab32
Sun Mar 08 22:34:01 2020
Quartus II 64-Bit Version 13.1.0 Build 162 10/23/2013 SJ Full Version


---------------------
; Table of Contents ;
---------------------
  1. Legal Notice
  2. Flow Summary
  3. Flow Settings
  4. Flow Non-Default Global Settings
  5. Flow Elapsed Time
  6. Flow OS Summary
  7. Flow Log
  8. Flow Messages
  9. Flow Suppressed Messages



----------------
; Legal Notice ;
----------------
Copyright (C) 1991-2013 Altera Corporation
Your use of Altera Corporation's design tools, logic functions 
and other software and tools, and its AMPP partner logic 
functions, and any output files from any of the foregoing 
(including device programming or simulation files), and any 
associated documentation or information are expressly subject 
to the terms and conditions of the Altera Program License 
Subscription Agreement, Altera MegaCore Function License 
Agreement, or other applicable license agreement, including, 
without limitation, that your use is for the sole purpose of 
programming logic devices manufactured by Altera and sold by 
Altera or its authorized distributors.  Please refer to the 
applicable agreement for further details.



+-------------------------------------------------------------------------+
; Flow Summary                                                            ;
+---------------------------+---------------------------------------------+
; Flow Status               ; Successful - Sun Mar 08 22:34:01 2020       ;
; Quartus II 64-Bit Version ; 13.1.0 Build 162 10/23/2013 SJ Full Version ;
; Revision Name             ; lab32                                       ;
; Top-level Entity Name     ; DataDistributor                             ;
; Family                    ; MAX V                                       ;
; Device                    ; 5M160ZE64C5                                 ;
; Timing Models             ; Final                                       ;
; Total logic elements      ; 4 / 160 ( 3 % )                             ;
; Total pins                ; 7 / 54 ( 13 % )                             ;
; Total virtual pins        ; 0                                           ;
; UFM blocks                ; 0 / 1 ( 0 % )                               ;
+---------------------------+---------------------------------------------+


+-----------------------------------------+
; Flow Settings                           ;
+-------------------+---------------------+
; Option            ; Setting             ;
+-------------------+---------------------+
; Start date & time ; 03/08/2020 22:30:49 ;
; Main task         ; Compilation         ;
; Revision Name     ; lab32               ;
+-------------------+---------------------+


+------------------------------------------------------------------------------------------------------------------------------------+
; Flow Non-Default Global Settings                                                                                                   ;
+---------------------------------+---------------------------------------------------+---------------+-------------+----------------+
; Assignment Name                 ; Value                                             ; Default Value ; Entity Name ; Section Id     ;
+---------------------------------+---------------------------------------------------+---------------+-------------+----------------+
; COMPILER_SIGNATURE_ID           ; 93180994976854.158367784818124                    ; --            ; --          ; --             ;
; EDA_GENERATE_FUNCTIONAL_NETLIST ; On                                                ; --            ; --          ; eda_simulation ;
; EDA_NETLIST_WRITER_OUTPUT_DIR   ; D:/digitallogtic2183612050/lab32/simulation/qsim/ ; --            ; --          ; eda_simulation ;
; EDA_OUTPUT_DATA_FORMAT          ; Verilog Hdl                                       ; --            ; --          ; eda_simulation ;
; EDA_SIMULATION_TOOL             ; ModelSim-Altera (Verilog)                         ; <None>        ; --          ; --             ;
; MAX_CORE_JUNCTION_TEMP          ; 85                                                ; --            ; --          ; --             ;
; MIN_CORE_JUNCTION_TEMP          ; 0                                                 ; --            ; --          ; --             ;
; PROJECT_OUTPUT_DIRECTORY        ; output_files                                      ; --            ; --          ; --             ;
; TOP_LEVEL_ENTITY                ; DataDistributor                                   ; lab32         ; --          ; --             ;
+---------------------------------+---------------------------------------------------+---------------+-------------+----------------+


+-------------------------------------------------------------------------------------------------------------------------------+
; Flow Elapsed Time                                                                                                             ;
+---------------------------+--------------+-------------------------+---------------------+------------------------------------+
; Module Name               ; Elapsed Time ; Average Processors Used ; Peak Virtual Memory ; Total CPU Time (on all processors) ;
+---------------------------+--------------+-------------------------+---------------------+------------------------------------+
; Analysis & Synthesis      ; 00:00:01     ; 1.0                     ; 4600 MB             ; 00:00:01                           ;
; Fitter                    ; 00:00:01     ; 1.0                     ; 5447 MB             ; 00:00:01                           ;
; Assembler                 ; 00:00:01     ; 1.0                     ; 4550 MB             ; 00:00:01                           ;
; TimeQuest Timing Analyzer ; 00:00:01     ; 1.0                     ; 4598 MB             ; 00:00:01                           ;
; EDA Netlist Writer        ; 00:00:01     ; 1.0                     ; 4526 MB             ; 00:00:00                           ;
; EDA Netlist Writer        ; 00:00:01     ; 1.0                     ; 4548 MB             ; 00:00:01                           ;
; EDA Netlist Writer        ; 00:00:01     ; 1.0                     ; 4548 MB             ; 00:00:01                           ;
; EDA Netlist Writer        ; 00:00:00     ; 1.0                     ; 4548 MB             ; 00:00:01                           ;
; EDA Netlist Writer        ; 00:00:01     ; 1.0                     ; 4548 MB             ; 00:00:01                           ;
; Total                     ; 00:00:08     ; --                      ; --                  ; 00:00:08                           ;
+---------------------------+--------------+-------------------------+---------------------+------------------------------------+


+----------------------------------------------------------------------------------------+
; Flow OS Summary                                                                        ;
+---------------------------+------------------+-----------+------------+----------------+
; Module Name               ; Machine Hostname ; OS Name   ; OS Version ; Processor type ;
+---------------------------+------------------+-----------+------------+----------------+
; Analysis & Synthesis      ; DESKTOP-LAQCVV6  ; Windows 7 ; 6.2        ; x86_64         ;
; Fitter                    ; DESKTOP-LAQCVV6  ; Windows 7 ; 6.2        ; x86_64         ;
; Assembler                 ; DESKTOP-LAQCVV6  ; Windows 7 ; 6.2        ; x86_64         ;
; TimeQuest Timing Analyzer ; DESKTOP-LAQCVV6  ; Windows 7 ; 6.2        ; x86_64         ;
; EDA Netlist Writer        ; DESKTOP-LAQCVV6  ; Windows 7 ; 6.2        ; x86_64         ;
; EDA Netlist Writer        ; DESKTOP-LAQCVV6  ; Windows 7 ; 6.2        ; x86_64         ;
; EDA Netlist Writer        ; DESKTOP-LAQCVV6  ; Windows 7 ; 6.2        ; x86_64         ;
; EDA Netlist Writer        ; DESKTOP-LAQCVV6  ; Windows 7 ; 6.2        ; x86_64         ;
; EDA Netlist Writer        ; DESKTOP-LAQCVV6  ; Windows 7 ; 6.2        ; x86_64         ;
+---------------------------+------------------+-----------+------------+----------------+


------------
; Flow Log ;
------------
quartus_map --read_settings_files=on --write_settings_files=off lab32 -c lab32
quartus_fit --read_settings_files=off --write_settings_files=off lab32 -c lab32
quartus_asm --read_settings_files=off --write_settings_files=off lab32 -c lab32
quartus_sta lab32 -c lab32
quartus_eda --read_settings_files=off --write_settings_files=off lab32 -c lab32
quartus_eda --gen_testbench --check_outputs=on --tool=modelsim_oem --format=verilog lab32 -c lab32 --vector_source=D:/digitallogtic2183612050/lab32/Waveform.vwf --testbench_file=D:/digitallogtic2183612050/lab32/simulation/qsim/Waveform.vwf.vt
quartus_eda --functional=on --flatten_buses=off --simulation=on --tool=modelsim_oem --format=verilog --output_directory=D:/digitallogtic2183612050/lab32/simulation/qsim/ lab32 -c lab32
quartus_eda --gen_testbench --check_outputs=on --tool=modelsim_oem --format=verilog lab32 -c lab32 --vector_source=D:/digitallogtic2183612050/lab32/Waveform.vwf --testbench_file=D:/digitallogtic2183612050/lab32/simulation/qsim/Waveform.vwf.vt
quartus_eda --functional=on --flatten_buses=off --simulation=on --tool=modelsim_oem --format=verilog --output_directory=D:/digitallogtic2183612050/lab32/simulation/qsim/ lab32 -c lab32



